<?xml version="1.0" encoding="UTF-8"?>
<testng-results skipped="0" failed="0" ignored="0" total="1" passed="1">
  <reporter-output>
  </reporter-output>
  <suite name="Default suite" duration-ms="6023" started-at="2021-05-01T15:51:35Z" finished-at="2021-05-01T15:51:41Z">
    <groups>
    </groups>
    <test name="Default test" duration-ms="6023" started-at="2021-05-01T15:51:35Z" finished-at="2021-05-01T15:51:41Z">
      <class name="com.rest.currency.CurrenciesTest">
        <test-method status="PASS" signature="getCurrencyList()[pri:0, instance:com.rest.currency.CurrenciesTest@475530b9]" name="getCurrencyList" duration-ms="5967" started-at="2021-05-01T15:51:35Z" finished-at="2021-05-01T15:51:41Z">
          <reporter-output>
          </reporter-output>
        </test-method> <!-- getCurrencyList -->
      </class> <!-- com.rest.currency.CurrenciesTest -->
    </test> <!-- Default test -->
  </suite> <!-- Default suite -->
</testng-results>
